C51 COMPILER V9.56.0.0   SIMON                                                             03/25/2018 16:24:19 PAGE 1   


C51 COMPILER V9.56.0.0, COMPILATION OF MODULE SIMON
OBJECT MODULE PLACED IN .\Objects\simon.obj
COMPILER INVOKED BY: C:\Keil_v5\C51\BIN\C51.EXE simon.c OPTIMIZE(8,SPEED) BROWSE DEBUG OBJECTEXTEND PRINT(.\Listings\sim
                    -on.lst) TABS(2) OBJECT(.\Objects\simon.obj)

line level    source

   1          #include <reg51.h>
   2          #include <ports.h>
   3          #include <delay.h>
   4          #include <data.h>
   5          #include <rand.h>
   6          #include <game.h>
   7          int temp;
   8          
   9          //Driver function
  10          void main(){
  11   1        //Setting up ports and initialising 
  12   1          P3 = 0x00;
  13   1          P2 = 0x00;
  14   1        init_random_bits();
  15   1        //Start-Up animation
  16   1        P1 = 0x00;
  17   1        for(temp=0;temp<4;temp++){
  18   2          P1 = xbyte[temp];
  19   2          delay(1000);
  20   2          P1 = 0x00;
  21   2        }
  22   1      
  23   1        while(1){ 
  24   2          P0 = 0xFF;
  25   2          ON = 1;
  26   2          
  27   2          //Idle until start is pressed
  28   2          idle();
  29   2          
  30   2          //Start game if idling is over
  31   2          start_game();
  32   2          delay(1000);
  33   2          get();
  34   2        }
  35   1        
  36   1      }
  37          
  38          //printf("Take a sad song and make it better! <3");
  39            


MODULE INFORMATION:   STATIC OVERLAYABLE
   CODE SIZE        =    715    ----
   CONSTANT SIZE    =   ----    ----
   XDATA SIZE       =   ----    ----
   PDATA SIZE       =   ----    ----
   DATA SIZE        =     81       8
   IDATA SIZE       =   ----    ----
   BIT SIZE         =   ----    ----
END OF MODULE INFORMATION.


C51 COMPILATION COMPLETE.  0 WARNING(S),  0 ERROR(S)
